14:46:31 **** Build of configuration Debug for project Namespaces ****
make all 
Building file: ../src/Namespaces.cpp
Invoking: GCC C++ Compiler
g++ -O0 -g3 -Wall -c -fmessage-length=0 -MMD -MP -MF"src/Namespaces.d" -MT"src/Namespaces.o" -o "src/Namespaces.o" "../src/Namespaces.cpp"
Finished building: ../src/Namespaces.cpp
 
Building target: Namespaces
Invoking: MacOS X C++ Linker
g++  -o "Namespaces"  ./src/Namespaces.o   
Finished building target: Namespaces
 
15:48:58 **** Incremental Build of configuration Debug for project Namespaces ****
make all 
Building file: ../src/Animals.cpp
Invoking: GCC C++ Compiler
g++ -O0 -g3 -Wall -c -fmessage-length=0 -MMD -MP -MF"src/Animals.d" -MT"src/Animals.o" -o "src/Animals.o" "../src/Animals.cpp"
Finished building: ../src/Animals.cpp
 
Building file: ../src/Cat.cpp
Invoking: GCC C++ Compiler
g++ -O0 -g3 -Wall -c -fmessage-length=0 -MMD -MP -MF"src/Cat.d" -MT"src/Cat.o" -o "src/Cat.o" "../src/Cat.cpp"
Finished building: ../src/Cat.cpp
 
Building file: ../src/Namespaces.cpp
Invoking: GCC C++ Compiler
g++ -O0 -g3 -Wall -c -fmessage-length=0 -MMD -MP -MF"src/Namespaces.d" -MT"src/Namespaces.o" -o "src/Namespaces.o" "../src/Namespaces.cpp"
Finished building: ../src/Namespaces.cpp
 
Building target: Namespaces
Invoking: MacOS X C++ Linker
g++  -o "Namespaces"  ./src/Animals.o ./src/Cat.o ./src/Namespaces.o   
Finished building target: Namespaces
 
15:50:21 **** Incremental Build of configuration Debug for project Namespaces ****
make all 
Building file: ../src/Cat.cpp
Invoking: GCC C++ Compiler
g++ -O0 -g3 -Wall -c -fmessage-length=0 -MMD -MP -MF"src/Cat.d" -MT"src/Cat.o" -o "src/Cat.o" "../src/Cat.cpp"
Finished building: ../src/Cat.cpp
 
Building file: ../src/Namespaces.cpp
Invoking: GCC C++ Compiler
g++ -O0 -g3 -Wall -c -fmessage-length=0 -MMD -MP -MF"src/Namespaces.d" -MT"src/Namespaces.o" -o "src/Namespaces.o" "../src/Namespaces.cpp"
Finished building: ../src/Namespaces.cpp
 
Building target: Namespaces
Invoking: MacOS X C++ Linker
g++  -o "Namespaces"  ./src/Animals.o ./src/Cat.o ./src/Namespaces.o   
Finished building target: Namespaces
 
15:50:42 **** Incremental Build of configuration Debug for project Namespaces ****
make all 
Building file: ../src/Namespaces.cpp
Invoking: GCC C++ Compiler
g++ -O0 -g3 -Wall -c -fmessage-length=0 -MMD -MP -MF"src/Namespaces.d" -MT"src/Namespaces.o" -o "src/Namespaces.o" "../src/Namespaces.cpp"
../src/Namespaces.cpp:17:2: error: unknown type name 'Cat'; did you mean 'cats::Cat'?
        Cat cat;
        ^~~
        cats::Cat
../src/Cat.h:12:7: note: 'cats::Cat' declared here
class Cat {
      ^
1 error generated.
make: *** [src/Namespaces.o] Error 1
15:51:09 **** Incremental Build of configuration Debug for project Namespaces ****
make all 
Building file: ../src/Namespaces.cpp
Invoking: GCC C++ Compiler
g++ -O0 -g3 -Wall -c -fmessage-length=0 -MMD -MP -MF"src/Namespaces.d" -MT"src/Namespaces.o" -o "src/Namespaces.o" "../src/Namespaces.cpp"
Finished building: ../src/Namespaces.cpp
 
Building target: Namespaces
Invoking: MacOS X C++ Linker
g++  -o "Namespaces"  ./src/Animals.o ./src/Cat.o ./src/Namespaces.o   
Finished building target: Namespaces
 
15:51:22 **** Incremental Build of configuration Debug for project Namespaces ****
make all 
Building file: ../src/Namespaces.cpp
Invoking: GCC C++ Compiler
g++ -O0 -g3 -Wall -c -fmessage-length=0 -MMD -MP -MF"src/Namespaces.d" -MT"src/Namespaces.o" -o "src/Namespaces.o" "../src/Namespaces.cpp"
../src/Namespaces.cpp:15:17: error: expected namespace name
using namespace evs;
                ^
../src/Namespaces.cpp:19:2: error: unknown type name 'Cat'; did you mean 'cats::Cat'?
        Cat cat;
        ^~~
        cats::Cat
../src/Cat.h:12:7: note: 'cats::Cat' declared here
class Cat {
      ^
2 errors generated.
make: *** [src/Namespaces.o] Error 1
15:51:47 **** Incremental Build of configuration Debug for project Namespaces ****
make all 
Building file: ../src/Namespaces.cpp
Invoking: GCC C++ Compiler
g++ -O0 -g3 -Wall -c -fmessage-length=0 -MMD -MP -MF"src/Namespaces.d" -MT"src/Namespaces.o" -o "src/Namespaces.o" "../src/Namespaces.cpp"
Finished building: ../src/Namespaces.cpp
 
Building target: Namespaces
Invoking: MacOS X C++ Linker
g++  -o "Namespaces"  ./src/Animals.o ./src/Cat.o ./src/Namespaces.o   
Finished building target: Namespaces
 
15:53:11 **** Incremental Build of configuration Debug for project Namespaces ****
make all 
Building file: ../src/Namespaces.cpp
Invoking: GCC C++ Compiler
g++ -O0 -g3 -Wall -c -fmessage-length=0 -MMD -MP -MF"src/Namespaces.d" -MT"src/Namespaces.o" -o "src/Namespaces.o" "../src/Namespaces.cpp"
Finished building: ../src/Namespaces.cpp
 
Building target: Namespaces
Invoking: MacOS X C++ Linker
g++  -o "Namespaces"  ./src/Animals.o ./src/Cat.o ./src/Namespaces.o   
Finished building target: Namespaces
 
15:56:30 **** Incremental Build of configuration Debug for project Namespaces ****
make all 
Building file: ../src/Animals.cpp
Invoking: GCC C++ Compiler
g++ -O0 -g3 -Wall -c -fmessage-length=0 -MMD -MP -MF"src/Animals.d" -MT"src/Animals.o" -o "src/Animals.o" "../src/Animals.cpp"
Finished building: ../src/Animals.cpp
 
Building file: ../src/Cat.cpp
Invoking: GCC C++ Compiler
g++ -O0 -g3 -Wall -c -fmessage-length=0 -MMD -MP -MF"src/Cat.d" -MT"src/Cat.o" -o "src/Cat.o" "../src/Cat.cpp"
Finished building: ../src/Cat.cpp
 
Building file: ../src/Namespaces.cpp
Invoking: GCC C++ Compiler
g++ -O0 -g3 -Wall -c -fmessage-length=0 -MMD -MP -MF"src/Namespaces.d" -MT"src/Namespaces.o" -o "src/Namespaces.o" "../src/Namespaces.cpp"
Finished building: ../src/Namespaces.cpp
 
Building target: Namespaces
Invoking: MacOS X C++ Linker
g++  -o "Namespaces"  ./src/Animals.o ./src/Cat.o ./src/Namespaces.o   
Finished building target: Namespaces
 
15:57:28 **** Incremental Build of configuration Debug for project Namespaces ****
make all 
Building file: ../src/Namespaces.cpp
Invoking: GCC C++ Compiler
g++ -O0 -g3 -Wall -c -fmessage-length=0 -MMD -MP -MF"src/Namespaces.d" -MT"src/Namespaces.o" -o "src/Namespaces.o" "../src/Namespaces.cpp"
../src/Namespaces.cpp:20:10: error: use of undeclared identifier 'cat'
        cout << cat::CATNAME << endl;
                ^
1 error generated.
make: *** [src/Namespaces.o] Error 1
15:57:45 **** Incremental Build of configuration Debug for project Namespaces ****
make all 
Building file: ../src/Namespaces.cpp
Invoking: GCC C++ Compiler
g++ -O0 -g3 -Wall -c -fmessage-length=0 -MMD -MP -MF"src/Namespaces.d" -MT"src/Namespaces.o" -o "src/Namespaces.o" "../src/Namespaces.cpp"
Finished building: ../src/Namespaces.cpp
 
Building target: Namespaces
Invoking: MacOS X C++ Linker
g++  -o "Namespaces"  ./src/Animals.o ./src/Cat.o ./src/Namespaces.o   
Finished building target: Namespaces
 
21:17:48 **** Build of configuration Debug for project Inheritance ****
make all 
Building file: ../src/Inheritance.cpp
Invoking: GCC C++ Compiler
g++ -O0 -g3 -Wall -c -fmessage-length=0 -MMD -MP -MF"src/Inheritance.d" -MT"src/Inheritance.o" -o "src/Inheritance.o" "../src/Inheritance.cpp"
../src/Inheritance.cpp:16:7: error: redefinition of 'Animal'
class Animal: public Animal {
      ^
../src/Inheritance.cpp:12:7: note: previous definition is here
class Animal {
      ^
../src/Inheritance.cpp:24:2: error: unknown type name 'Cat'
        Cat cat;
        ^
2 errors generated.
make: *** [src/Inheritance.o] Error 1
21:18:08 **** Incremental Build of configuration Debug for project Inheritance ****
make all 
Building file: ../src/Inheritance.cpp
Invoking: GCC C++ Compiler
g++ -O0 -g3 -Wall -c -fmessage-length=0 -MMD -MP -MF"src/Inheritance.d" -MT"src/Inheritance.o" -o "src/Inheritance.o" "../src/Inheritance.cpp"
Finished building: ../src/Inheritance.cpp
 
Building target: Inheritance
Invoking: MacOS X C++ Linker
g++  -o "Inheritance"  ./src/Inheritance.o   
Finished building target: Inheritance
 
21:18:13 **** Incremental Build of configuration Debug for project Inheritance ****
make all 
make: Nothing to be done for `all'.
21:18:39 **** Incremental Build of configuration Debug for project Inheritance ****
make all 
Building file: ../src/Inheritance.cpp
Invoking: GCC C++ Compiler
g++ -O0 -g3 -Wall -c -fmessage-length=0 -MMD -MP -MF"src/Inheritance.d" -MT"src/Inheritance.o" -o "src/Inheritance.o" "../src/Inheritance.cpp"
Finished building: ../src/Inheritance.cpp
 
Building target: Inheritance
Invoking: MacOS X C++ Linker
g++  -o "Inheritance"  ./src/Inheritance.o   
Finished building target: Inheritance
 
01:25:24 **** Build of configuration Debug for project Encapsulation ****
make all 
Building file: ../src/Encapsulation.cpp
Invoking: GCC C++ Compiler
g++ -O0 -g3 -Wall -c -fmessage-length=0 -MMD -MP -MF"src/Encapsulation.d" -MT"src/Encapsulation.o" -o "src/Encapsulation.o" "../src/Encapsulation.cpp"
Finished building: ../src/Encapsulation.cpp
 
Building target: Encapsulation
Invoking: MacOS X C++ Linker
g++  -o "Encapsulation"  ./src/Encapsulation.o   
Finished building target: Encapsulation
 
01:25:30 **** Incremental Build of configuration Debug for project Encapsulation ****
make all 
make: Nothing to be done for `all'.
01:27:18 **** Incremental Build of configuration Debug for project Encapsulation ****
make all 
Building file: ../src/Encapsulation.cpp
Invoking: GCC C++ Compiler
g++ -O0 -g3 -Wall -c -fmessage-length=0 -MMD -MP -MF"src/Encapsulation.d" -MT"src/Encapsulation.o" -o "src/Encapsulation.o" "../src/Encapsulation.cpp"
Finished building: ../src/Encapsulation.cpp
 
Building target: Encapsulation
Invoking: MacOS X C++ Linker
g++  -o "Encapsulation"  ./src/Encapsulation.o   
Finished building target: Encapsulation
 
01:27:27 **** Incremental Build of configuration Debug for project Encapsulation ****
make all 
Building file: ../src/Encapsulation.cpp
Invoking: GCC C++ Compiler
g++ -O0 -g3 -Wall -c -fmessage-length=0 -MMD -MP -MF"src/Encapsulation.d" -MT"src/Encapsulation.o" -o "src/Encapsulation.o" "../src/Encapsulation.cpp"
Finished building: ../src/Encapsulation.cpp
 
Building target: Encapsulation
Invoking: MacOS X C++ Linker
g++  -o "Encapsulation"  ./src/Encapsulation.o   
Finished building target: Encapsulation
 
01:28:35 **** Incremental Build of configuration Debug for project Encapsulation ****
make all 
Building file: ../src/Encapsulation.cpp
Invoking: GCC C++ Compiler
g++ -O0 -g3 -Wall -c -fmessage-length=0 -MMD -MP -MF"src/Encapsulation.d" -MT"src/Encapsulation.o" -o "src/Encapsulation.o" "../src/Encapsulation.cpp"
Finished building: ../src/Encapsulation.cpp
 
Building target: Encapsulation
Invoking: MacOS X C++ Linker
g++  -o "Encapsulation"  ./src/Encapsulation.o   
Finished building target: Encapsulation
 
01:28:59 **** Incremental Build of configuration Debug for project Encapsulation ****
make all 
Building file: ../src/Encapsulation.cpp
Invoking: GCC C++ Compiler
g++ -O0 -g3 -Wall -c -fmessage-length=0 -MMD -MP -MF"src/Encapsulation.d" -MT"src/Encapsulation.o" -o "src/Encapsulation.o" "../src/Encapsulation.cpp"
Finished building: ../src/Encapsulation.cpp
 
Building target: Encapsulation
Invoking: MacOS X C++ Linker
g++  -o "Encapsulation"  ./src/Encapsulation.o   
Finished building target: Encapsulation
 
01:33:49 **** Incremental Build of configuration Debug for project Encapsulation ****
make all 
Building file: ../src/Encapsulation.cpp
Invoking: GCC C++ Compiler
g++ -O0 -g3 -Wall -c -fmessage-length=0 -MMD -MP -MF"src/Encapsulation.d" -MT"src/Encapsulation.o" -o "src/Encapsulation.o" "../src/Encapsulation.cpp"
Finished building: ../src/Encapsulation.cpp
 
Building target: Encapsulation
Invoking: MacOS X C++ Linker
g++  -o "Encapsulation"  ./src/Encapsulation.o   
Finished building target: Encapsulation
 
01:35:09 **** Incremental Build of configuration Debug for project Encapsulation ****
make all 
Building file: ../src/Encapsulation.cpp
Invoking: GCC C++ Compiler
g++ -O0 -g3 -Wall -c -fmessage-length=0 -MMD -MP -MF"src/Encapsulation.d" -MT"src/Encapsulation.o" -o "src/Encapsulation.o" "../src/Encapsulation.cpp"
../src/Encapsulation.cpp:19:23: error: base class has incomplete type
class Vehicle: public Machine{
               ~~~~~~~^~~~~~~
../src/Encapsulation.cpp:12:7: note: definition of 'Machine' is not complete until the closing '}'
class Machine {
      ^
../src/Encapsulation.cpp:36:2: error: expected '}'
}
 ^
../src/Encapsulation.cpp:12:15: note: to match this '{'
class Machine {
              ^
../src/Encapsulation.cpp:34:10: error: no member named 'info' in 'Machine::Vehicle'
        vehicle.info();
        ~~~~~~~ ^
../src/Encapsulation.cpp:36:2: error: expected ';' after class
}
 ^
 ;
4 errors generated.
make: *** [src/Encapsulation.o] Error 1
01:35:41 **** Incremental Build of configuration Debug for project Encapsulation ****
make all 
Building file: ../src/Encapsulation.cpp
Invoking: GCC C++ Compiler
g++ -O0 -g3 -Wall -c -fmessage-length=0 -MMD -MP -MF"src/Encapsulation.d" -MT"src/Encapsulation.o" -o "src/Encapsulation.o" "../src/Encapsulation.cpp"
Finished building: ../src/Encapsulation.cpp
 
Building target: Encapsulation
Invoking: MacOS X C++ Linker
g++  -o "Encapsulation"  ./src/Encapsulation.o   
Finished building target: Encapsulation
 
01:36:19 **** Incremental Build of configuration Debug for project Encapsulation ****
make all 
Building file: ../src/Encapsulation.cpp
Invoking: GCC C++ Compiler
g++ -O0 -g3 -Wall -c -fmessage-length=0 -MMD -MP -MF"src/Encapsulation.d" -MT"src/Encapsulation.o" -o "src/Encapsulation.o" "../src/Encapsulation.cpp"
../src/Encapsulation.cpp:21:13: error: member initializer 'id' does not name a non-static data member or base class
        Vehicle(): id(11){cout << "Vehicle" << endl;}
                   ^~~~~~
1 error generated.
make: *** [src/Encapsulation.o] Error 1
01:37:46 **** Incremental Build of configuration Debug for project Encapsulation ****
make all 
Building file: ../src/Encapsulation.cpp
Invoking: GCC C++ Compiler
g++ -O0 -g3 -Wall -c -fmessage-length=0 -MMD -MP -MF"src/Encapsulation.d" -MT"src/Encapsulation.o" -o "src/Encapsulation.o" "../src/Encapsulation.cpp"
Finished building: ../src/Encapsulation.cpp
 
Building target: Encapsulation
Invoking: MacOS X C++ Linker
g++  -o "Encapsulation"  ./src/Encapsulation.o   
Finished building target: Encapsulation
 
01:38:12 **** Incremental Build of configuration Debug for project Encapsulation ****
make all 
Building file: ../src/Encapsulation.cpp
Invoking: GCC C++ Compiler
g++ -O0 -g3 -Wall -c -fmessage-length=0 -MMD -MP -MF"src/Encapsulation.d" -MT"src/Encapsulation.o" -o "src/Encapsulation.o" "../src/Encapsulation.cpp"
../src/Encapsulation.cpp:40:2: error: expected '}'
}
 ^
../src/Encapsulation.cpp:23:27: note: to match this '{'
class Car: public Vehicle {
                          ^
../src/Encapsulation.cpp:40:2: error: expected ';' after class
}
 ^
 ;
2 errors generated.
make: *** [src/Encapsulation.o] Error 1
01:38:27 **** Incremental Build of configuration Debug for project Encapsulation ****
make all 
Building file: ../src/Encapsulation.cpp
Invoking: GCC C++ Compiler
g++ -O0 -g3 -Wall -c -fmessage-length=0 -MMD -MP -MF"src/Encapsulation.d" -MT"src/Encapsulation.o" -o "src/Encapsulation.o" "../src/Encapsulation.cpp"
Finished building: ../src/Encapsulation.cpp
 
Building target: Encapsulation
Invoking: MacOS X C++ Linker
g++  -o "Encapsulation"  ./src/Encapsulation.o   
Finished building target: Encapsulation
 
01:39:00 **** Incremental Build of configuration Debug for project Encapsulation ****
make all 
Building file: ../src/Encapsulation.cpp
Invoking: GCC C++ Compiler
g++ -O0 -g3 -Wall -c -fmessage-length=0 -MMD -MP -MF"src/Encapsulation.d" -MT"src/Encapsulation.o" -o "src/Encapsulation.o" "../src/Encapsulation.cpp"
Finished building: ../src/Encapsulation.cpp
 
Building target: Encapsulation
Invoking: MacOS X C++ Linker
g++  -o "Encapsulation"  ./src/Encapsulation.o   
Finished building target: Encapsulation
 
01:41:41 **** Incremental Build of configuration Debug for project Encapsulation ****
make all 
Building file: ../src/Encapsulation.cpp
Invoking: GCC C++ Compiler
g++ -O0 -g3 -Wall -c -fmessage-length=0 -MMD -MP -MF"src/Encapsulation.d" -MT"src/Encapsulation.o" -o "src/Encapsulation.o" "../src/Encapsulation.cpp"
Finished building: ../src/Encapsulation.cpp
 
Building target: Encapsulation
Invoking: MacOS X C++ Linker
g++  -o "Encapsulation"  ./src/Encapsulation.o   
Finished building target: Encapsulation
 
01:42:34 **** Incremental Build of configuration Debug for project Encapsulation ****
make all 
Building file: ../src/Encapsulation.cpp
Invoking: GCC C++ Compiler
g++ -O0 -g3 -Wall -c -fmessage-length=0 -MMD -MP -MF"src/Encapsulation.d" -MT"src/Encapsulation.o" -o "src/Encapsulation.o" "../src/Encapsulation.cpp"
Finished building: ../src/Encapsulation.cpp
 
Building target: Encapsulation
Invoking: MacOS X C++ Linker
g++  -o "Encapsulation"  ./src/Encapsulation.o   
Finished building target: Encapsulation
 
02:03:25 **** Build of configuration Debug for project Static ****
make all 
Building file: ../src/Static.cpp
Invoking: GCC C++ Compiler
g++ -O0 -g3 -Wall -c -fmessage-length=0 -MMD -MP -MF"src/Static.d" -MT"src/Static.o" -o "src/Static.o" "../src/Static.cpp"
../src/Static.cpp:21:10: error: use of undeclared identifier 'test'; did you mean 'Test'?
        cout << test::count << endl;
                ^~~~
                Test
../src/Static.cpp:13:7: note: 'Test' declared here
class Test {
      ^
1 error generated.
make: *** [src/Static.o] Error 1
02:03:51 **** Incremental Build of configuration Debug for project Static ****
make all 
Building file: ../src/Static.cpp
Invoking: GCC C++ Compiler
g++ -O0 -g3 -Wall -c -fmessage-length=0 -MMD -MP -MF"src/Static.d" -MT"src/Static.o" -o "src/Static.o" "../src/Static.cpp"
Finished building: ../src/Static.cpp
 
Building target: Static
Invoking: MacOS X C++ Linker
g++  -o "Static"  ./src/Static.o   
Finished building target: Static
 
02:05:29 **** Incremental Build of configuration Debug for project Static ****
make all 
Building file: ../src/Static.cpp
Invoking: GCC C++ Compiler
g++ -O0 -g3 -Wall -c -fmessage-length=0 -MMD -MP -MF"src/Static.d" -MT"src/Static.o" -o "src/Static.o" "../src/Static.cpp"
Finished building: ../src/Static.cpp
 
Building target: Static
Invoking: MacOS X C++ Linker
g++  -o "Static"  ./src/Static.o   
Finished building target: Static
 
02:06:59 **** Incremental Build of configuration Debug for project Static ****
make all 
Building file: ../src/Static.cpp
Invoking: GCC C++ Compiler
g++ -O0 -g3 -Wall -c -fmessage-length=0 -MMD -MP -MF"src/Static.d" -MT"src/Static.o" -o "src/Static.o" "../src/Static.cpp"
../src/Static.cpp:17:12: warning: duplicate 'const' declaration specifier [-Wduplicate-decl-specifier]
        const int const MAX = 99;
                  ^~~~~~
../src/Static.cpp:17:22: warning: in-class initialization of non-static data member is a C++11 extension [-Wc++11-extensions]
        const int const MAX = 99;
                            ^
2 warnings generated.
Finished building: ../src/Static.cpp
 
Building target: Static
Invoking: MacOS X C++ Linker
g++  -o "Static"  ./src/Static.o   
Finished building target: Static
 
02:07:19 **** Incremental Build of configuration Debug for project Static ****
make all 
Building file: ../src/Static.cpp
Invoking: GCC C++ Compiler
g++ -O0 -g3 -Wall -c -fmessage-length=0 -MMD -MP -MF"src/Static.d" -MT"src/Static.o" -o "src/Static.o" "../src/Static.cpp"
../src/Static.cpp:17:12: warning: duplicate 'const' declaration specifier [-Wduplicate-decl-specifier]
        const int const MAX = 99;
                  ^~~~~~
../src/Static.cpp:17:22: warning: in-class initialization of non-static data member is a C++11 extension [-Wc++11-extensions]
        const int const MAX = 99;
                            ^
../src/Static.cpp:27:16: error: invalid use of non-static data member 'MAX'
        cout << Test::MAX << endl;
                ~~~~~~^~~
2 warnings and 1 error generated.
make: *** [src/Static.o] Error 1
02:07:31 **** Incremental Build of configuration Debug for project Static ****
make all 
Building file: ../src/Static.cpp
Invoking: GCC C++ Compiler
g++ -O0 -g3 -Wall -c -fmessage-length=0 -MMD -MP -MF"src/Static.d" -MT"src/Static.o" -o "src/Static.o" "../src/Static.cpp"
Finished building: ../src/Static.cpp
 
Building target: Static
Invoking: MacOS X C++ Linker
g++  -o "Static"  ./src/Static.o   
Finished building target: Static
 
02:08:56 **** Incremental Build of configuration Debug for project Static ****
make all 
Building file: ../src/Static.cpp
Invoking: GCC C++ Compiler
g++ -O0 -g3 -Wall -c -fmessage-length=0 -MMD -MP -MF"src/Static.d" -MT"src/Static.o" -o "src/Static.o" "../src/Static.cpp"
../src/Static.cpp:32:11: error: redefinition of 'count'
int Test::count = 7;
          ^
../src/Static.cpp:28:11: note: previous definition is here
int Test::count = 0;
          ^
1 error generated.
make: *** [src/Static.o] Error 1
02:09:28 **** Incremental Build of configuration Debug for project Static ****
make all 
Building file: ../src/Static.cpp
Invoking: GCC C++ Compiler
g++ -O0 -g3 -Wall -c -fmessage-length=0 -MMD -MP -MF"src/Static.d" -MT"src/Static.o" -o "src/Static.o" "../src/Static.cpp"
Finished building: ../src/Static.cpp
 
Building target: Static
Invoking: MacOS X C++ Linker
g++  -o "Static"  ./src/Static.o   
Finished building target: Static
 
02:09:41 **** Incremental Build of configuration Debug for project Static ****
make all 
Building file: ../src/Static.cpp
Invoking: GCC C++ Compiler
g++ -O0 -g3 -Wall -c -fmessage-length=0 -MMD -MP -MF"src/Static.d" -MT"src/Static.o" -o "src/Static.o" "../src/Static.cpp"
Finished building: ../src/Static.cpp
 
Building target: Static
Invoking: MacOS X C++ Linker
g++  -o "Static"  ./src/Static.o   
Finished building target: Static
 
02:09:54 **** Incremental Build of configuration Debug for project Static ****
make all 
Building file: ../src/Static.cpp
Invoking: GCC C++ Compiler
g++ -O0 -g3 -Wall -c -fmessage-length=0 -MMD -MP -MF"src/Static.d" -MT"src/Static.o" -o "src/Static.o" "../src/Static.cpp"
Finished building: ../src/Static.cpp
 
Building target: Static
Invoking: MacOS X C++ Linker
g++  -o "Static"  ./src/Static.o   
Finished building target: Static
 
02:11:47 **** Incremental Build of configuration Debug for project Static ****
make all 
Building file: ../src/Static.cpp
Invoking: GCC C++ Compiler
g++ -O0 -g3 -Wall -c -fmessage-length=0 -MMD -MP -MF"src/Static.d" -MT"src/Static.o" -o "src/Static.o" "../src/Static.cpp"
Finished building: ../src/Static.cpp
 
Building target: Static
Invoking: MacOS X C++ Linker
g++  -o "Static"  ./src/Static.o   
Finished building target: Static
 
02:12:13 **** Incremental Build of configuration Debug for project Static ****
make all 
Building file: ../src/Static.cpp
Invoking: GCC C++ Compiler
g++ -O0 -g3 -Wall -c -fmessage-length=0 -MMD -MP -MF"src/Static.d" -MT"src/Static.o" -o "src/Static.o" "../src/Static.cpp"
Finished building: ../src/Static.cpp
 
Building target: Static
Invoking: MacOS X C++ Linker
g++  -o "Static"  ./src/Static.o   
Finished building target: Static
 
02:12:28 **** Incremental Build of configuration Debug for project Static ****
make all 
Building file: ../src/Static.cpp
Invoking: GCC C++ Compiler
g++ -O0 -g3 -Wall -c -fmessage-length=0 -MMD -MP -MF"src/Static.d" -MT"src/Static.o" -o "src/Static.o" "../src/Static.cpp"
Finished building: ../src/Static.cpp
 
Building target: Static
Invoking: MacOS X C++ Linker
g++  -o "Static"  ./src/Static.o   
Finished building target: Static
 
02:12:36 **** Incremental Build of configuration Debug for project Static ****
make all 
Building file: ../src/Static.cpp
Invoking: GCC C++ Compiler
g++ -O0 -g3 -Wall -c -fmessage-length=0 -MMD -MP -MF"src/Static.d" -MT"src/Static.o" -o "src/Static.o" "../src/Static.cpp"
Finished building: ../src/Static.cpp
 
Building target: Static
Invoking: MacOS X C++ Linker
g++  -o "Static"  ./src/Static.o   
Finished building target: Static
 
